<?xml version="1.0" encoding="utf-8"?>
<testsuites>
  <testsuite name="the button in the Work tab" tests="3" failures="1" skipped="0" flakes="0" time="42.815">
    <testcase name="Work types… opens the editor" classname="the button in the Work tab" time="19.231">
      <failure message="the click on 'Work types…' (key 'WorkStudio.OpenEditorShort') reached no window named Dialog_WorkTypes in 60 frames. No window on the stack absorbs input, so nothing sits above the button; this message does not say which cause it was: compare where the button was drawn with where the pointer was, both printed below.&#xA;Pointer before the click (1058.00, 774.00), after it (1058.00, 774.00).&#xA;Where the button was drawn, as Pickle records it (the click goes to the centre):&#xA;  Widgets.ButtonText 'Work types…' drawn at (x:1754.00, y:759.00, width:155.00, height:28.00), centre (1831.50, 773.00)&#xA;Buttons on the pointer, in draw order (Pickle does not tag image buttons):&#xA;  no drawn button contains the pointer&#xA;Window stack, top first:&#xA;  #2 top  ImmediateWindow [Assembly-CSharp]  layer=Super  rect=(x:1712.00, y:8.00, width:200.00, height:130.00)  absorbsInput=False  getsInput=True  holdsPointer=False  drawn by RimWorld.LearningReadout.WindowOnGUI [Assembly-CSharp]&#xA;  #1  MainTabWindow_WorkTab [WorkTab]  layer=GameUI  rect=(x:0.00, y:750.00, width:1920.00, height:295.00)  absorbsInput=False  getsInput=True  holdsPointer=True&#xA;  #0  ImmediateWindow [Assembly-CSharp]  layer=GameUI  rect=(x:862.00, y:3.00, width:196.00, height:25.00)  absorbsInput=False  getsInput=True  holdsPointer=False  drawn by Verse.DebugWindowsOpener.DrawButtons [Assembly-CSharp]">the click on 'Work types…' (key 'WorkStudio.OpenEditorShort') reached no window named Dialog_WorkTypes in 60 frames. No window on the stack absorbs input, so nothing sits above the button; this message does not say which cause it was: compare where the button was drawn with where the pointer was, both printed below.
Pointer before the click (1058.00, 774.00), after it (1058.00, 774.00).
Where the button was drawn, as Pickle records it (the click goes to the centre):
  Widgets.ButtonText 'Work types…' drawn at (x:1754.00, y:759.00, width:155.00, height:28.00), centre (1831.50, 773.00)
Buttons on the pointer, in draw order (Pickle does not tag image buttons):
  no drawn button contains the pointer
Window stack, top first:
  #2 top  ImmediateWindow [Assembly-CSharp]  layer=Super  rect=(x:1712.00, y:8.00, width:200.00, height:130.00)  absorbsInput=False  getsInput=True  holdsPointer=False  drawn by RimWorld.LearningReadout.WindowOnGUI [Assembly-CSharp]
  #1  MainTabWindow_WorkTab [WorkTab]  layer=GameUI  rect=(x:0.00, y:750.00, width:1920.00, height:295.00)  absorbsInput=False  getsInput=True  holdsPointer=True
  #0  ImmediateWindow [Assembly-CSharp]  layer=GameUI  rect=(x:862.00, y:3.00, width:196.00, height:25.00)  absorbsInput=False  getsInput=True  holdsPointer=False  drawn by Verse.DebugWindowsOpener.DrawButtons [Assembly-CSharp]</failure>
      <system-out>Attachment: smoke-attachment -&gt; smoke test attachment content
Attachment: screenshot -&gt; /mnt/c/Users/nelim/Documents/rimworld/pickle-reports/screenshots/the-button-in-the-Work-tab--Work-types--opens-the-editor--step5.png
</system-out>
    </testcase>
    <testcase name="the Animals tab does not get the button" classname="the button in the Work tab" time="12.087">
      <system-out>Attachment: smoke-attachment -&gt; smoke test attachment content
</system-out>
    </testcase>
    <testcase name="the Assign tab does not get the button" classname="the button in the Work tab" time="11.497">
      <system-out>Attachment: smoke-attachment -&gt; smoke test attachment content
</system-out>
    </testcase>
  </testsuite>
</testsuites>