<?xml version="1.0" encoding="utf-8"?>
<testsuites>
  <testsuite name="priorities survive a reconfiguration across a save" tests="3" failures="0" skipped="0" flakes="0" time="38.826">
    <testcase name="deleting a type in a running game keeps every other priority in place" classname="priorities survive a reconfiguration across a save" time="11.504">
      <system-out>Attachment: smoke-attachment -&gt; smoke test attachment content
</system-out>
    </testcase>
    <testcase name="a save written with two types, loaded with one" classname="priorities survive a reconfiguration across a save" time="13.836">
      <system-out>Attachment: smoke-attachment -&gt; smoke test attachment content
</system-out>
    </testcase>
    <testcase name="a save written with one type, loaded with two" classname="priorities survive a reconfiguration across a save" time="13.486">
      <system-out>Attachment: smoke-attachment -&gt; smoke test attachment content
</system-out>
    </testcase>
  </testsuite>
</testsuites>