<?xml version="1.0" encoding="utf-8"?>
<testsuites>
  <testsuite name="Work Studio loads and its patches apply" tests="3" failures="0" skipped="0" flakes="0" time="1.476">
    <testcase name="the mod loads after Harmony" classname="Work Studio loads and its patches apply" time="0.961">
      <system-out>Attachment: smoke-attachment -&gt; smoke test attachment content
</system-out>
    </testcase>
    <testcase name="the three patches are in place" classname="Work Studio loads and its patches apply" time="0.361">
      <system-out>Attachment: smoke-attachment -&gt; smoke test attachment content
</system-out>
    </testcase>
    <testcase name="nothing from Work Studio in the startup log" classname="Work Studio loads and its patches apply" time="0.154">
      <system-out>Attachment: smoke-attachment -&gt; smoke test attachment content
</system-out>
    </testcase>
  </testsuite>
  <testsuite name="the button in the Work tab" tests="3" failures="1" skipped="0" flakes="0" time="66.220">
    <testcase name="Work types… opens the editor" classname="the button in the Work tab" time="32.614">
      <failure message="the click on 'Work types…' (key 'WorkStudio.OpenEditorShort') reached no window named Dialog_WorkTypes in 60 frames. No window on the stack absorbs input, so nothing sits above the button; this message does not say which cause it was: compare where the button was drawn with where the pointer was, both printed below.&#xA;Pointer before the click (1389.00, 707.00), after it (1389.00, 707.00).&#xA;Where the button was drawn, as Pickle records it (the click goes to the centre):&#xA;  Widgets.ButtonText 'Work types…' drawn at (x:1312.00, y:692.00, width:155.00, height:28.00), centre (1389.50, 706.00)&#xA;Buttons on the pointer, in draw order (Pickle does not tag image buttons):&#xA;  Widgets.ButtonText 'Done editing' at (x:1362.00, y:697.00, width:98.00, height:24.00), drawn #64 this frame&#xA;  Widgets.ButtonText 'Work types…' at (x:1312.00, y:692.00, width:155.00, height:28.00), drawn #103 this frame&#xA;Window stack, top first:&#xA;  #3 top  ImmediateWindow [Assembly-CSharp]  layer=Super  rect=(x:1405.00, y:721.00, width:268.00, height:46.00)  absorbsInput=False  getsInput=True  holdsPointer=False  drawn by Verse.ActiveTip+&lt;&gt;c__DisplayClass12_0.&lt;DrawTooltip&gt;b__0 [Assembly-CSharp]&#xA;  #2  ImmediateWindow [Assembly-CSharp]  layer=Super  rect=(x:1712.00, y:8.00, width:200.00, height:130.00)  absorbsInput=False  getsInput=True  holdsPointer=False  drawn by RimWorld.LearningReadout.WindowOnGUI [Assembly-CSharp]&#xA;  #1  MainTabWindow_Work [Assembly-CSharp]  layer=GameUI  rect=(x:0.00, y:683.00, width:1478.00, height:362.00)  absorbsInput=False  getsInput=True  holdsPointer=True&#xA;  #0  ImmediateWindow [Assembly-CSharp]  layer=GameUI  rect=(x:862.00, y:3.00, width:196.00, height:25.00)  absorbsInput=False  getsInput=True  holdsPointer=False  drawn by Verse.DebugWindowsOpener.DrawButtons [Assembly-CSharp]">the click on 'Work types…' (key 'WorkStudio.OpenEditorShort') reached no window named Dialog_WorkTypes in 60 frames. No window on the stack absorbs input, so nothing sits above the button; this message does not say which cause it was: compare where the button was drawn with where the pointer was, both printed below.
Pointer before the click (1389.00, 707.00), after it (1389.00, 707.00).
Where the button was drawn, as Pickle records it (the click goes to the centre):
  Widgets.ButtonText 'Work types…' drawn at (x:1312.00, y:692.00, width:155.00, height:28.00), centre (1389.50, 706.00)
Buttons on the pointer, in draw order (Pickle does not tag image buttons):
  Widgets.ButtonText 'Done editing' at (x:1362.00, y:697.00, width:98.00, height:24.00), drawn #64 this frame
  Widgets.ButtonText 'Work types…' at (x:1312.00, y:692.00, width:155.00, height:28.00), drawn #103 this frame
Window stack, top first:
  #3 top  ImmediateWindow [Assembly-CSharp]  layer=Super  rect=(x:1405.00, y:721.00, width:268.00, height:46.00)  absorbsInput=False  getsInput=True  holdsPointer=False  drawn by Verse.ActiveTip+&lt;&gt;c__DisplayClass12_0.&lt;DrawTooltip&gt;b__0 [Assembly-CSharp]
  #2  ImmediateWindow [Assembly-CSharp]  layer=Super  rect=(x:1712.00, y:8.00, width:200.00, height:130.00)  absorbsInput=False  getsInput=True  holdsPointer=False  drawn by RimWorld.LearningReadout.WindowOnGUI [Assembly-CSharp]
  #1  MainTabWindow_Work [Assembly-CSharp]  layer=GameUI  rect=(x:0.00, y:683.00, width:1478.00, height:362.00)  absorbsInput=False  getsInput=True  holdsPointer=True
  #0  ImmediateWindow [Assembly-CSharp]  layer=GameUI  rect=(x:862.00, y:3.00, width:196.00, height:25.00)  absorbsInput=False  getsInput=True  holdsPointer=False  drawn by Verse.DebugWindowsOpener.DrawButtons [Assembly-CSharp]</failure>
      <system-out>Attachment: smoke-attachment -&gt; smoke test attachment content
Attachment: screenshot -&gt; /mnt/c/Users/nelim/Documents/rimworld/pickle-reports/screenshots/the-button-in-the-Work-tab--Work-types--opens-the-editor--step5.png
</system-out>
    </testcase>
    <testcase name="the Animals tab does not get the button" classname="the button in the Work tab" time="16.189">
      <system-out>Attachment: smoke-attachment -&gt; smoke test attachment content
</system-out>
    </testcase>
    <testcase name="the Assign tab does not get the button" classname="the button in the Work tab" time="17.417">
      <system-out>Attachment: smoke-attachment -&gt; smoke test attachment content
</system-out>
    </testcase>
  </testsuite>
  <testsuite name="the three columns say what they are" tests="3" failures="0" skipped="0" flakes="0" time="31.586">
    <testcase name="the editor with a work type selected" classname="the three columns say what they are" time="12.627">
      <system-out>Attachment: smoke-attachment -&gt; smoke test attachment content
Attachment: editor, Handling selected -&gt; /mnt/c/Users/nelim/Documents/rimworld/pickle-reports/screenshots/manual--editor--Handling-selected--step0.png
</system-out>
    </testcase>
    <testcase name="the right column, searched" classname="the three columns say what they are" time="9.449">
      <system-out>Attachment: smoke-attachment -&gt; smoke test attachment content
Attachment: editor, other tasks searched for clean -&gt; /mnt/c/Users/nelim/Documents/rimworld/pickle-reports/screenshots/manual--editor--other-tasks-searched-for-clean--step0.png
</system-out>
    </testcase>
    <testcase name="the help line under a long type name" classname="the three columns say what they are" time="9.510">
      <system-out>Attachment: smoke-attachment -&gt; smoke test attachment content
Attachment: editor, help line under a long type name -&gt; /mnt/c/Users/nelim/Documents/rimworld/pickle-reports/screenshots/manual--editor--help-line-under-a-long-type-name--step0.png
</system-out>
    </testcase>
  </testsuite>
  <testsuite name="create a work type, and fill it" tests="5" failures="0" skipped="0" flakes="0" time="21.739">
    <testcase name="a new type gets a column at once" classname="create a work type, and fill it" time="0.392">
      <system-out>Attachment: smoke-attachment -&gt; smoke test attachment content
</system-out>
    </testcase>
    <testcase name="a task moves into it and leaves its old type" classname="create a work type, and fill it" time="0.653">
      <system-out>Attachment: smoke-attachment -&gt; smoke test attachment content
</system-out>
    </testcase>
    <testcase name="the task goes home when the type is deleted" classname="create a work type, and fill it" time="0.522">
      <system-out>Attachment: smoke-attachment -&gt; smoke test attachment content
</system-out>
    </testcase>
    <testcase name="a colonist's cell for the new type takes a priority" classname="create a work type, and fill it" time="11.765">
      <system-out>Attachment: smoke-attachment -&gt; smoke test attachment content
</system-out>
    </testcase>
    <testcase name="a colonist assigned only to the new type goes and does its task" classname="create a work type, and fill it" time="8.407">
      <system-out>Attachment: smoke-attachment -&gt; smoke test attachment content
</system-out>
    </testcase>
  </testsuite>
  <testsuite name="priorities survive a reconfiguration across a save" tests="3" failures="0" skipped="0" flakes="0" time="53.527">
    <testcase name="deleting a type in a running game keeps every other priority in place" classname="priorities survive a reconfiguration across a save" time="11.453">
      <system-out>Attachment: smoke-attachment -&gt; smoke test attachment content
</system-out>
    </testcase>
    <testcase name="a save written with two types, loaded with one" classname="priorities survive a reconfiguration across a save" time="19.482">
      <system-out>Attachment: smoke-attachment -&gt; smoke test attachment content
</system-out>
    </testcase>
    <testcase name="a save written with one type, loaded with two" classname="priorities survive a reconfiguration across a save" time="22.592">
      <system-out>Attachment: smoke-attachment -&gt; smoke test attachment content
</system-out>
    </testcase>
  </testsuite>
  <testsuite name="reordering is visible in the editor" tests="2" failures="0" skipped="0" flakes="0" time="20.391">
    <testcase name="a downward work type drag leaves the row where it was dropped" classname="reordering is visible in the editor" time="9.942">
      <system-out>Attachment: smoke-attachment -&gt; smoke test attachment content
Attachment: editor, Cooking dropped below Mining -&gt; /mnt/c/Users/nelim/Documents/rimworld/pickle-reports/screenshots/manual--editor--Cooking-dropped-below-Mining--step0.png
</system-out>
    </testcase>
    <testcase name="a downward task drag leaves the row where it was dropped" classname="reordering is visible in the editor" time="10.449">
      <system-out>Attachment: smoke-attachment -&gt; smoke test attachment content
Attachment: editor, Slaughter dropped below Tame -&gt; /mnt/c/Users/nelim/Documents/rimworld/pickle-reports/screenshots/manual--editor--Slaughter-dropped-below-Tame--step0.png
</system-out>
    </testcase>
  </testsuite>
  <testsuite name="reordering types and tasks" tests="7" failures="0" skipped="0" flakes="0" time="3.500">
    <testcase name="a work type dragged downwards lands where it was dropped" classname="reordering types and tasks" time="0.432">
      <system-out>Attachment: smoke-attachment -&gt; smoke test attachment content
</system-out>
    </testcase>
    <testcase name="a work type dragged upwards lands where it was dropped" classname="reordering types and tasks" time="0.523">
      <system-out>Attachment: smoke-attachment -&gt; smoke test attachment content
</system-out>
    </testcase>
    <testcase name="the arrows move a type one place" classname="reordering types and tasks" time="0.276">
      <system-out>Attachment: smoke-attachment -&gt; smoke test attachment content
</system-out>
    </testcase>
    <testcase name="the up arrow on the first type does nothing" classname="reordering types and tasks" time="0.494">
      <system-out>Attachment: smoke-attachment -&gt; smoke test attachment content
</system-out>
    </testcase>
    <testcase name="a task dragged downwards lands where it was dropped" classname="reordering types and tasks" time="0.655">
      <system-out>Attachment: smoke-attachment -&gt; smoke test attachment content
</system-out>
    </testcase>
    <testcase name="a task dragged upwards lands where it was dropped" classname="reordering types and tasks" time="0.625">
      <system-out>Attachment: smoke-attachment -&gt; smoke test attachment content
</system-out>
    </testcase>
    <testcase name="the down arrow on the last task does nothing" classname="reordering types and tasks" time="0.495">
      <system-out>Attachment: smoke-attachment -&gt; smoke test attachment content
</system-out>
    </testcase>
  </testsuite>
  <testsuite name="a renamed work type in the Work tab" tests="1" failures="0" skipped="0" flakes="0" time="11.640">
    <testcase name="the column header and width after a rename" classname="a renamed work type in the Work tab" time="11.640">
      <system-out>Attachment: smoke-attachment -&gt; smoke test attachment content
Attachment: Work tab, Hauling renamed -&gt; /mnt/c/Users/nelim/Documents/rimworld/pickle-reports/screenshots/manual--Work-tab--Hauling-renamed--step0.png
</system-out>
    </testcase>
  </testsuite>
  <testsuite name="rename a work type" tests="2" failures="0" skipped="0" flakes="0" time="0.623">
    <testcase name="the header and its width follow the new name" classname="rename a work type" time="0.258">
      <system-out>Attachment: smoke-attachment -&gt; smoke test attachment content
</system-out>
    </testcase>
    <testcase name="an empty name goes back to the original" classname="rename a work type" time="0.365">
      <system-out>Attachment: smoke-attachment -&gt; smoke test attachment content
</system-out>
    </testcase>
  </testsuite>
  <testsuite name="hide a column" tests="2" failures="0" skipped="0" flakes="0" time="21.650">
    <testcase name="the column goes, the work stays" classname="hide a column" time="11.667">
      <system-out>Attachment: smoke-attachment -&gt; smoke test attachment content
</system-out>
    </testcase>
    <testcase name="showing it again brings the column back with the priority" classname="hide a column" time="9.983">
      <system-out>Attachment: smoke-attachment -&gt; smoke test attachment content
</system-out>
    </testcase>
  </testsuite>
  <testsuite name="export, reset, import" tests="3" failures="0" skipped="0" flakes="0" time="4.881">
    <testcase name="everything returns after a reset" classname="export, reset, import" time="1.382">
      <system-out>Attachment: smoke-attachment -&gt; smoke test attachment content
</system-out>
    </testcase>
    <testcase name="the export carries no snapshot of this mod list" classname="export, reset, import" time="1.272">
      <system-out>Attachment: smoke-attachment -&gt; smoke test attachment content
</system-out>
    </testcase>
    <testcase name="a broken file leaves the current setup whole" classname="export, reset, import" time="2.227">
      <system-out>Attachment: smoke-attachment -&gt; smoke test attachment content
Log tail:
Exception while init loading file: /home/nelim/.config/unity3d/Ludeon Studios/RimWorld by Ludeon Studios/WorkStudio/pickle-workstudio-whole-truncated.xml
System.Xml.XmlException: Unexpected end of file has occurred. The following elements are not closed: keys, priorityOverrides, workStudioConfig. Line 40, position 4.
[Ref E128552A]
  at System.Xml.XmlTextReaderImpl.Throw (System.Exception e) [0x00027] in &lt;ef4224b053fb4497822e0667f970e07b&gt;:0 
  at System.Xml.XmlTextReaderImpl.Throw (System.String res, System.String arg) [0x00029] in &lt;ef4224b053fb4497822e0667f970e07b&gt;:0 
  at System.Xml.XmlTextReaderImpl.Throw (System.Int32 pos, System.String res, System.String arg) [0x0000c] in &lt;ef4224b053fb4497822e0667f970e07b&gt;:0 
  at System.Xml.XmlTextReaderImpl.ThrowUnclosedElements () [0x000cc] in &lt;ef4224b053fb4497822e0667f970e07b&gt;:0 
  at System.Xml.XmlTextReaderImpl.ParseElementContent () [0x001eb] in &lt;ef4224b053fb4497822e0667f970e07b&gt;:0 
  at System.Xml.XmlTextReaderImpl.Read () [0x00085] in &lt;ef4224b053fb4497822e0667f970e07b&gt;:0 
  at System.Xml.XmlLoader.LoadNode (System.Boolean skipOverWhitespace) [0x0025b] in &lt;ef4224b053fb4497822e0667f970e07b&gt;:0 
  at System.Xml.XmlLoader.LoadDocSequence (System.Xml.XmlDocument parentDoc) [0x0001b] in &lt;ef4224b053fb4497822e0667f970e07b&gt;:0 
  at System.Xml.XmlLoader.Load (System.Xml.XmlDocument doc, System.Xml.XmlReader reader, System.Boolean preserveWhitespace) [0x000b4] in &lt;ef4224b053fb4497822e0667f970e07b&gt;:0 
  at System.Xml.XmlDocument.Load (System.Xml.XmlReader reader) [0x0002e] in &lt;ef4224b053fb4497822e0667f970e07b&gt;:0 
  at Verse.ScribeLoader.InitLoading (System.String filePath) [0x00072] in &lt;b4d967f0d45a413fbb0223eefee4f2ae&gt;:0 
[Work Studio] Import failed: System.Xml.XmlException: Unexpected end of file has occurred. The following elements are not closed: keys, priorityOverrides, workStudioConfig. Line 40, position 4.
[Ref A6A2D76]
  at System.Xml.XmlTextReaderImpl.Throw (System.Exception e) [0x00027] in &lt;ef4224b053fb4497822e0667f970e07b&gt;:0 
  at System.Xml.XmlTextReaderImpl.Throw (System.String res, System.String arg) [0x00029] in &lt;ef4224b053fb4497822e0667f970e07b&gt;:0 
  at System.Xml.XmlTextReaderImpl.Throw (System.Int32 pos, System.String res, System.String arg) [0x0000c] in &lt;ef4224b053fb4497822e0667f970e07b&gt;:0 
  at System.Xml.XmlTextReaderImpl.ThrowUnclosedElements () [0x000cc] in &lt;ef4224b053fb4497822e0667f970e07b&gt;:0 
  at System.Xml.XmlTextReaderImpl.ParseElementContent () [0x001eb] in &lt;ef4224b053fb4497822e0667f970e07b&gt;:0 
  at System.Xml.XmlTextReaderImpl.Read () [0x00085] in &lt;ef4224b053fb4497822e0667f970e07b&gt;:0 
  at System.Xml.XmlLoader.LoadNode (System.Boolean skipOverWhitespace) [0x0025b] in &lt;ef4224b053fb4497822e0667f970e07b&gt;:0 
  at System.Xml.XmlLoader.LoadDocSequence (System.Xml.XmlDocument parentDoc) [0x0001b] in &lt;ef4224b053fb4497822e0667f970e07b&gt;:0 
  at System.Xml.XmlLoader.Load (System.Xml.XmlDocument doc, System.Xml.XmlReader reader, System.Boolean preserveWhitespace) [0x000b4] in &lt;ef4224b053fb4497822e0667f970e07b&gt;:0 
  at System.Xml.XmlDocument.Load (System.Xml.XmlReader reader) [0x0002e] in &lt;ef4224b053fb4497822e0667f970e07b&gt;:0 
  at Verse.ScribeLoader.InitLoading (System.String filePath) [0x000ce] in &lt;b4d967f0d45a413fbb0223eefee4f2ae&gt;:0 
  at WorkStudio.ConfigFile.Import (System.String path, System.String&amp; error) [0x00009] in &lt;6bee74da11b14d6b9b7a296852a9f981&gt;:0 
</system-out>
    </testcase>
  </testsuite>
  <testsuite name="the drift warning's wording" tests="1" failures="0" skipped="0" flakes="0" time="14.025">
    <testcase name="the dialog a changed mod list produces" classname="the drift warning's wording" time="14.025">
      <system-out>Attachment: smoke-attachment -&gt; smoke test attachment content
Attachment: drift warning dialog -&gt; /mnt/c/Users/nelim/Documents/rimworld/pickle-reports/screenshots/manual--drift-warning-dialog--step0.png
</system-out>
    </testcase>
  </testsuite>
  <testsuite name="the mod list drift warning" tests="2" failures="0" skipped="0" flakes="0" time="29.053">
    <testcase name="a vanished type raises the warning once, and not again" classname="the mod list drift warning" time="15.840">
      <system-out>Attachment: smoke-attachment -&gt; smoke test attachment content
</system-out>
    </testcase>
    <testcase name="no configuration, no warning" classname="the mod list drift warning" time="13.213">
      <system-out>Attachment: smoke-attachment -&gt; smoke test attachment content
</system-out>
    </testcase>
  </testsuite>
  <testsuite name="what removing the mod would leave behind, read from the raw save" tests="1" failures="0" skipped="0" flakes="0" time="13.485">
    <testcase name="the custom type's priority sits where a mod-less load would simply stop reading" classname="what removing the mod would leave behind, read from the raw save" time="13.485">
      <system-out>Attachment: smoke-attachment -&gt; smoke test attachment content
</system-out>
    </testcase>
  </testsuite>
  <testsuite name="what the settings window looks like" tests="2" failures="0" skipped="0" flakes="0" time="25.914">
    <testcase name="through the MainButtons shortcut" classname="what the settings window looks like" time="13.273">
      <system-out>Attachment: smoke-attachment -&gt; smoke test attachment content
Attachment: settings window, opened by the MainButtons shortcut -&gt; /mnt/c/Users/nelim/Documents/rimworld/pickle-reports/screenshots/manual--settings-window--opened-by-the-MainButtons-shortcut--step0.png
</system-out>
    </testcase>
    <testcase name="through Mod options" classname="what the settings window looks like" time="12.641">
      <system-out>Attachment: smoke-attachment -&gt; smoke test attachment content
Attachment: settings window, opened through Mod options -&gt; /mnt/c/Users/nelim/Documents/rimworld/pickle-reports/screenshots/manual--settings-window--opened-through-Mod-options--step0.png
</system-out>
    </testcase>
  </testsuite>
  <testsuite name="the settings window, both doors" tests="6" failures="0" skipped="0" flakes="0" time="74.952">
    <testcase name="the hidden shortcut opens the settings window" classname="the settings window, both doors" time="12.246">
      <system-out>Attachment: smoke-attachment -&gt; smoke test attachment content
</system-out>
    </testcase>
    <testcase name="Mod options opens the same settings" classname="the settings window, both doors" time="8.537">
      <system-out>Attachment: smoke-attachment -&gt; smoke test attachment content
</system-out>
    </testcase>
    <testcase name="a configuration survives being re-read from disk" classname="the settings window, both doors" time="11.508">
      <system-out>Attachment: smoke-attachment -&gt; smoke test attachment content
</system-out>
    </testcase>
    <testcase name="the reset button asks before it destroys anything" classname="the settings window, both doors" time="12.180">
      <system-out>Attachment: smoke-attachment -&gt; smoke test attachment content
</system-out>
    </testcase>
    <testcase name="confirming the reset clears the configuration" classname="the settings window, both doors" time="14.866">
      <system-out>Attachment: smoke-attachment -&gt; smoke test attachment content
</system-out>
    </testcase>
    <testcase name="going back from the confirmation leaves the setup whole" classname="the settings window, both doors" time="15.615">
      <system-out>Attachment: smoke-attachment -&gt; smoke test attachment content
</system-out>
    </testcase>
  </testsuite>
  <testsuite name="images for the Workshop page" tests="3" failures="0" skipped="0" flakes="0" time="32.983">
    <testcase name="the editor, with a type a player would have made" classname="images for the Workshop page" time="10.980">
      <system-out>Attachment: smoke-attachment -&gt; smoke test attachment content
Attachment: Workshop page, the editor -&gt; /mnt/c/Users/nelim/Documents/rimworld/pickle-reports/screenshots/manual--Workshop-page--the-editor--step0.png
</system-out>
    </testcase>
    <testcase name="the new column in the Work tab" classname="images for the Workshop page" time="11.720">
      <system-out>Attachment: smoke-attachment -&gt; smoke test attachment content
Attachment: Workshop page, the new column -&gt; /mnt/c/Users/nelim/Documents/rimworld/pickle-reports/screenshots/manual--Workshop-page--the-new-column--step0.png
</system-out>
    </testcase>
    <testcase name="the settings window" classname="images for the Workshop page" time="10.283">
      <system-out>Attachment: smoke-attachment -&gt; smoke test attachment content
Attachment: Workshop page, the settings -&gt; /mnt/c/Users/nelim/Documents/rimworld/pickle-reports/screenshots/manual--Workshop-page--the-settings--step0.png
</system-out>
    </testcase>
  </testsuite>
  <testsuite name="the declared incompatibility with Fluffy's Work Tab" tests="1" failures="0" skipped="1" flakes="0" time="0.000">
    <testcase name="Work Tab's startup column snapshot cannot contain a type created at runtime" classname="the declared incompatibility with Fluffy's Work Tab" time="0.000">
      <skipped />
    </testcase>
  </testsuite>
  <testsuite name="RIMMSQOL reveals and hides the Work Studio shortcut" tests="4" failures="0" skipped="4" flakes="0" time="0.000">
    <testcase name="RIMMSQOL lists the shortcut hidden while the main bar omits it" classname="RIMMSQOL reveals and hides the Work Studio shortcut" time="0.000">
      <skipped />
    </testcase>
    <testcase name="the revealed shortcut is persisted, drawn and opens Work Studio settings" classname="RIMMSQOL reveals and hides the Work Studio shortcut" time="0.000">
      <skipped />
    </testcase>
    <testcase name="hiding and forgetting the choice removes every RIMMSQOL trace" classname="RIMMSQOL reveals and hides the Work Studio shortcut" time="0.000">
      <skipped />
    </testcase>
    <testcase name="the revealed shortcut remains usable at 150 percent interface scale" classname="RIMMSQOL reveals and hides the Work Studio shortcut" time="0.000">
      <skipped />
    </testcase>
  </testsuite>
  <testsuite name="Work Type Tag follows a renamed work type without a restart" tests="1" failures="0" skipped="1" flakes="0" time="0.000">
    <testcase name="the current job label changes immediately" classname="Work Type Tag follows a renamed work type without a restart" time="0.000">
      <skipped />
    </testcase>
  </testsuite>
</testsuites>